C51 COMPILER V9.60.7.0   MOTOR                                                             12/14/2024 19:50:50 PAGE 1   


C51 COMPILER V9.60.7.0, COMPILATION OF MODULE MOTOR
OBJECT MODULE PLACED IN .\Objects\motor.obj
COMPILER INVOKED BY: C:\Keil_v5\C51\BIN\C51.EXE motor.c OPTIMIZE(8,SPEED) BROWSE DEBUG OBJECTEXTEND PRINT(.\Listings\mot
                    -or.lst) TABS(2) OBJECT(.\Objects\motor.obj)

line level    source

   1          #include <regx51.h>
   2          
   3          void delay(int);
   4          void turn();
   5          
   6          code char one_phase[] = {0x01,0x02,0x04,0x08};
   7          code char two_phase[] = {0x0c,0x06,0x03,0x09};
   8          code char cw[] = {0x01, 0x03, 0x02, 0x06, 0x04, 0x0C, 0x08, 0x09};
   9          code char ccw[] = {0x09, 0x08, 0x0C, 0x04, 0x06, 0x02, 0x03, 0x01};
  10          
  11          
  12          int dir, delay_time, speed_ctl;
  13          
  14          void main()
  15          {
  16   1        EA = 1;
  17   1        EX0 = 1;
  18   1        EX1 = 1;
  19   1        IT0 = 1;
  20   1        IT1 = 1;
  21   1        delay_time = 1000;
  22   1      
  23   1        dir = 1;
  24   1        while(1)
  25   1        {
  26   2          turn();
  27   2        }
  28   1      }
  29          
  30          void init_INT0(void) interrupt 0
  31          {
  32   1        dir = ~dir;
  33   1      }
  34          
  35          void init_INIT1(void) interrupt 2
  36          {
  37   1        if (delay_time == 1000)
  38   1          delay_time = 100;
  39   1        else
  40   1          delay_time = 1000;
  41   1      }
  42          
  43          void turn()
  44          {
  45   1        int x;
  46   1        if(dir == 1)
  47   1        {
  48   2          for(x = 0; x < 8; x++)
  49   2          {
  50   3            P1 = cw[x];
  51   3            delay(delay_time);
  52   3          }
  53   2        }
  54   1        else
C51 COMPILER V9.60.7.0   MOTOR                                                             12/14/2024 19:50:50 PAGE 2   

  55   1        {
  56   2          for(x = 0; x < 8; x++)
  57   2          {
  58   3            P1 = ccw[x];
  59   3            delay(delay_time);
  60   3          }
  61   2        }
  62   1      }
  63          
  64          void delay(int t)
  65          {
  66   1        while(t--);
  67   1      }


MODULE INFORMATION:   STATIC OVERLAYABLE
   CODE SIZE        =    169    ----
   CONSTANT SIZE    =     24    ----
   XDATA SIZE       =   ----    ----
   PDATA SIZE       =   ----    ----
   DATA SIZE        =      6       2
   IDATA SIZE       =   ----    ----
   BIT SIZE         =   ----    ----
END OF MODULE INFORMATION.


C51 COMPILATION COMPLETE.  0 WARNING(S),  0 ERROR(S)
