C51 COMPILER V9.60.7.0   RELAY                                                             12/27/2024 18:32:11 PAGE 1   


C51 COMPILER V9.60.7.0, COMPILATION OF MODULE RELAY
OBJECT MODULE PLACED IN .\Objects\relay.obj
COMPILER INVOKED BY: C:\Keil_v5\C51\BIN\C51.EXE relay.c OPTIMIZE(8,SPEED) BROWSE DEBUG OBJECTEXTEND PRINT(.\Listings\rel
                    -ay.lst) TABS(2) OBJECT(.\Objects\relay.obj)

line level    source

   1          #include <regx51.h>
   2          
   3          void delay(unsigned int);
   4          
   5          void main()
   6          {
   7   1        while(1)
   8   1        {
   9   2          P2_0 = 0;
  10   2          delay(50000);
  11   2          P2_0 = 1;
  12   2          delay(50000);
  13   2        }
  14   1      }
  15          
  16          void delay(unsigned int t)
  17          {
  18   1        while(t--);
  19   1      }


MODULE INFORMATION:   STATIC OVERLAYABLE
   CODE SIZE        =     31    ----
   CONSTANT SIZE    =   ----    ----
   XDATA SIZE       =   ----    ----
   PDATA SIZE       =   ----    ----
   DATA SIZE        =   ----    ----
   IDATA SIZE       =   ----    ----
   BIT SIZE         =   ----    ----
END OF MODULE INFORMATION.


C51 COMPILATION COMPLETE.  0 WARNING(S),  0 ERROR(S)
