C51 COMPILER V9.60.7.0   ADC                                                               12/03/2024 15:48:21 PAGE 1   


C51 COMPILER V9.60.7.0, COMPILATION OF MODULE ADC
OBJECT MODULE PLACED IN .\Objects\adc.obj
COMPILER INVOKED BY: C:\Keil_v5\C51\BIN\C51.EXE adc.c OPTIMIZE(8,SPEED) BROWSE DEBUG OBJECTEXTEND PRINT(.\Listings\adc.l
                    -st) TABS(2) OBJECT(.\Objects\adc.obj)

line level    source

   1          #include <regx51.h>
   2          
   3          void main()
   4          {
   5   1        IT0 = 0;  // enable a low-level signal on externalinterrupt
   6   1        EX0 = 1;  // enable INT0
   7   1        EA = 1;   // enable interrupt
   8   1        P3_4 = 0; // WR=0,clean the data
   9   1        P3_4 = 1; // WR=1,analog convert to digital
  10   1        while(1);
  11   1      }
  12          
  13          void int_0(void)interrupt 0 // INT0 interrupt function
  14          {
  15   1        P3_5 = 0; // RD=0,read the digital data
  16   1        if(P1 > 256 * 8 / 9)
  17   1        {
  18   2          P2 = 255;
  19   2        }
  20   1        else if(P1 > 256 * 7 / 9)
  21   1        {
  22   2          P2 = 127;
  23   2        }
  24   1        else if(P1 > 256 * 6 / 9)
  25   1        {
  26   2          P2 = 63;
  27   2        }
  28   1        else if(P1 > 256 * 5 / 9)
  29   1        {
  30   2          P2 = 31;
  31   2        }
  32   1        else if(P1 > 256 * 4 / 9)
  33   1        {
  34   2          P2 = 15;
  35   2        }
  36   1        else if(P1 > 256 * 3 / 9)
  37   1        {
  38   2          P2 = 7;
  39   2        }
  40   1        else if(P1 > 256 * 2 / 9)
  41   1        {
  42   2          P2 = 3;
  43   2        }
  44   1        else if(P1 > 256 * 1 / 9)
  45   1        {
  46   2          P2 = 1;
  47   2        }
  48   1        else
  49   1        {
  50   2          P2 = 0; // LED off
  51   2        }
  52   1        P3_5 = 1; // RD = 1
  53   1        P3_4 = 0;
  54   1        P3_4 = 1;
C51 COMPILER V9.60.7.0   ADC                                                               12/03/2024 15:48:21 PAGE 2   

  55   1      }


MODULE INFORMATION:   STATIC OVERLAYABLE
   CODE SIZE        =    128    ----
   CONSTANT SIZE    =   ----    ----
   XDATA SIZE       =   ----    ----
   PDATA SIZE       =   ----    ----
   DATA SIZE        =   ----    ----
   IDATA SIZE       =   ----    ----
   BIT SIZE         =   ----    ----
END OF MODULE INFORMATION.


C51 COMPILATION COMPLETE.  0 WARNING(S),  0 ERROR(S)
