C51 COMPILER V9.60.7.0   UART                                                              11/23/2024 23:23:40 PAGE 1   


C51 COMPILER V9.60.7.0, COMPILATION OF MODULE UART
OBJECT MODULE PLACED IN .\Objects\uart.obj
COMPILER INVOKED BY: C:\Keil_v5\C51\BIN\C51.EXE uart.c OPTIMIZE(8,SPEED) BROWSE DEBUG OBJECTEXTEND PRINT(.\Listings\uart
                    -.lst) TABS(2) OBJECT(.\Objects\uart.obj)

line level    source

   1          #include <regx51.h>
   2          #include <string.h>
   3          #include <stdlib.h>
   4          
   5          void init_uart();
   6          void send(unsigned char *s);
   7          
   8          char value;
   9          char number[9];
  10          int count = 0;
  11          
  12          void main(void)
  13          {
  14   1        init_uart();
  15   1        while(1);
  16   1      }
  17          
  18          void send(unsigned char *s)
  19          {
  20   1        while(*s)
  21   1        {
  22   2          SBUF = *s++;
  23   2          while(TI == 0);
  24   2          TI = 0;
  25   2        }
  26   1      }
  27          
  28          void init_uart(void)
  29          {
  30   1        SCON = 0x50;
  31   1        TMOD = 0x20;
  32   1        TH1 = 0xe6;
  33   1        TR1 = 1;
  34   1        IE = 0x90;
  35   1      }
  36          
  37          void init_uart_ISR(void) interrupt 4
  38          {
  39   1        while(RI == 0);
  40   1        RI = 0;
  41   1        value = SBUF;
  42   1        P2 = ~value;
  43   1        number[count++] = value;
  44   1      
  45   1        if(count == 9)
  46   1        {
  47   2          count = 0;
  48   2          if(strncmp(number, "N16121638", 9) != 0)
  49   2          {
  50   3            send("\r\n");
  51   3            send("wrong\r\n");
  52   3          }
  53   2          else
  54   2          {
C51 COMPILER V9.60.7.0   UART                                                              11/23/2024 23:23:40 PAGE 2   

  55   3            send("\r\n");
  56   3            send("correct\r\n");
  57   3          }
  58   2        }
  59   1      }


MODULE INFORMATION:   STATIC OVERLAYABLE
   CODE SIZE        =    209    ----
   CONSTANT SIZE    =     31    ----
   XDATA SIZE       =   ----    ----
   PDATA SIZE       =   ----    ----
   DATA SIZE        =     12       3
   IDATA SIZE       =   ----    ----
   BIT SIZE         =   ----    ----
END OF MODULE INFORMATION.


C51 COMPILATION COMPLETE.  0 WARNING(S),  0 ERROR(S)
