C51 COMPILER V9.60.7.0   LCD                                                               12/10/2024 16:35:24 PAGE 1   


C51 COMPILER V9.60.7.0, COMPILATION OF MODULE LCD
OBJECT MODULE PLACED IN .\Objects\lcd.obj
COMPILER INVOKED BY: C:\Keil_v5\C51\BIN\C51.EXE lcd.c OPTIMIZE(8,SPEED) BROWSE DEBUG OBJECTEXTEND PRINT(.\Listings\lcd.l
                    -st) TABS(2) OBJECT(.\Objects\lcd.obj)

line level    source

   1          #include <regx51.h>
   2          
   3          void print_msg(char *);
   4          void write(char, int);
   5          void delay(unsigned int);
   6          
   7          void main()
   8          {
   9   1        write(0x38, 0);
  10   1        write(0x0F, 0);
  11   1        write(0x06, 0);
  12   1        write(0x01, 0);
  13   1        write(0x80, 0);
  14   1        print_msg("N16121638");
  15   1        write(0x40, 0); // row1
  16   1        write(0x00, 1);
  17   1        write(0x41, 0); // row2
  18   1        write(0x0A, 1);
  19   1        write(0x42, 0); // row3
  20   1        write(0x0A, 1);
  21   1        write(0x43, 0); // row4
  22   1        write(0x00, 1);
  23   1        write(0x44, 0); // row5
  24   1        write(0x11, 1);
  25   1        write(0x45, 0); // row6
  26   1        write(0x0E, 1);
  27   1        write(0x46, 0); // row7
  28   1        write(0x00, 1);
  29   1        write(0x80 | 0x40, 0); // cursor init position => 0x80|0x40
  30   1        write(0x00, 1);
  31   1        
  32   1        write(0x48, 0); // row1
  33   1        write(0x00, 1);
  34   1        write(0x49, 0); // row2
  35   1        write(0x0A, 1);
  36   1        write(0x4A, 0); // row3
  37   1        write(0x1F, 1);
  38   1        write(0x4B, 0); // row4
  39   1        write(0x1F, 1);
  40   1        write(0x4C, 0); // row5
  41   1        write(0x0E, 1);
  42   1        write(0x4D, 0); // row6
  43   1        write(0x04, 1);
  44   1        write(0x4E, 0); // row7
  45   1        write(0x00, 1);
  46   1        write(0x80 | 0x41, 0); // cursor init position => 0x80|0x40
  47   1        write(0x00, 1);
  48   1        
  49   1        while(1);
  50   1      }
  51          
  52          void print_msg(char *msg)
  53          {
  54   1        for(; *msg !=  '\0'; msg++)
C51 COMPILER V9.60.7.0   LCD                                                               12/10/2024 16:35:24 PAGE 2   

  55   1          write(*msg, 1);
  56   1      }
  57          
  58          void write(char cmd, int rs_value)
  59          {
  60   1        P1 = cmd;
  61   1        P3_7 = rs_value;
  62   1        P3_6 = 1;
  63   1        delay(100);
  64   1        P3_6 = 0;
  65   1      }
  66          
  67          void delay(unsigned int i)
  68          {
  69   1        while(i--);
  70   1      }


MODULE INFORMATION:   STATIC OVERLAYABLE
   CODE SIZE        =    390    ----
   CONSTANT SIZE    =     10    ----
   XDATA SIZE       =   ----    ----
   PDATA SIZE       =   ----    ----
   DATA SIZE        =   ----       3
   IDATA SIZE       =   ----    ----
   BIT SIZE         =   ----    ----
END OF MODULE INFORMATION.


C51 COMPILATION COMPLETE.  0 WARNING(S),  0 ERROR(S)
