C51 COMPILER V9.60.7.0   MOTOR                                                             12/14/2024 18:14:49 PAGE 1   


C51 COMPILER V9.60.7.0, COMPILATION OF MODULE MOTOR
OBJECT MODULE PLACED IN .\Objects\motor.obj
COMPILER INVOKED BY: C:\Keil_v5\C51\BIN\C51.EXE motor.c OPTIMIZE(8,SPEED) BROWSE DEBUG OBJECTEXTEND PRINT(.\Listings\mot
                    -or.lst) TABS(2) OBJECT(.\Objects\motor.obj)

line level    source

   1          #include <regx51.h>
   2          
   3          void delay(int);
   4          void turn();
   5          
   6          code char one_phase[] = {0x01,0x02,0x04,0x08};
   7          code char two_phase[] = {0x0c,0x06,0x03,0x09};
   8          int dir, delay_time;
   9          
  10          void main()
  11          {
  12   1        delay_time = 500;
  13   1        dir = 1;
  14   1        while(1)
  15   1        {
  16   2          turn();
  17   2        }
  18   1      }
  19          
  20          void turn()
  21          {
  22   1        int x;
  23   1        if(dir == 1)
  24   1        {
  25   2          for(x = 0; x < 4; x++)
  26   2          {
  27   3            P1 = one_phase[x];
  28   3            delay(delay_time);
  29   3          }
  30   2        }
  31   1        else
  32   1        {
  33   2          for(x = 0; x < 4; x++)
  34   2          {
  35   3            P1 = two_phase[x];
  36   3            delay(delay_time);
  37   3          }
  38   2        }
  39   1      }
  40          
  41          void delay(int t)
  42          {
  43   1        while(t--);
  44   1      }


MODULE INFORMATION:   STATIC OVERLAYABLE
   CODE SIZE        =    119    ----
   CONSTANT SIZE    =      8    ----
   XDATA SIZE       =   ----    ----
   PDATA SIZE       =   ----    ----
   DATA SIZE        =      4       2
   IDATA SIZE       =   ----    ----
   BIT SIZE         =   ----    ----
C51 COMPILER V9.60.7.0   MOTOR                                                             12/14/2024 18:14:49 PAGE 2   

END OF MODULE INFORMATION.


C51 COMPILATION COMPLETE.  0 WARNING(S),  0 ERROR(S)
