C51 COMPILER V9.60.7.0   UART                                                              11/23/2024 21:46:52 PAGE 1   


C51 COMPILER V9.60.7.0, COMPILATION OF MODULE UART
OBJECT MODULE PLACED IN .\Objects\uart.obj
COMPILER INVOKED BY: C:\Keil_v5\C51\BIN\C51.EXE uart.c OPTIMIZE(8,SPEED) BROWSE DEBUG OBJECTEXTEND PRINT(.\Listings\uart
                    -.lst) TABS(2) OBJECT(.\Objects\uart.obj)

line level    source

   1          #include <regx51.h>
   2          
   3          void init_uart();
   4          char value;
   5          
   6          void main()
   7          {
   8   1        init_uart();
   9   1        while(1);
  10   1      }
  11          
  12          void init_uart(void)
  13          {
  14   1        SCON = 0x50;
  15   1        TMOD = 0x20;
  16   1        TH1 = 0xe6;
  17   1        TR1 = 1;
  18   1        IE = 0x90;
  19   1      }
  20          
  21          void init_uart_ISR(void) interrupt 4
  22          {
  23   1        while(RI == 0);
  24   1        RI = 0;
  25   1        value = SBUF;
  26   1        P2 = ~value;
  27   1        if(value == 'q')
  28   1        {
  29   2          SBUF = value;
  30   2          while(TI == 0);
  31   2          TI = 0;
  32   2        }
  33   1      }


MODULE INFORMATION:   STATIC OVERLAYABLE
   CODE SIZE        =     54    ----
   CONSTANT SIZE    =   ----    ----
   XDATA SIZE       =   ----    ----
   PDATA SIZE       =   ----    ----
   DATA SIZE        =      1    ----
   IDATA SIZE       =   ----    ----
   BIT SIZE         =   ----    ----
END OF MODULE INFORMATION.


C51 COMPILATION COMPLETE.  0 WARNING(S),  0 ERROR(S)
